c:\users\lw520\documents\oculus dev\tutorial06\debug\vc120.pdb
c:\users\lw520\documents\oculus dev\tutorial06\debug\vc120.idb
c:\users\lw520\documents\oculus dev\tutorial06\debug\tutorial06.obj
c:\users\lw520\documents\oculus dev\tutorial06\debug\oculus.obj
c:\users\lw520\documents\oculus dev\tutorial06\debug\mainrender.obj
c:\users\lw520\documents\oculus dev\tutorial06\debug\fromgithub.obj
c:\users\lw520\documents\oculus dev\tutorial06\debug\ckinect.obj
c:\users\lw520\documents\oculus dev\tutorial06\debug\tutorial06_ps.cso
c:\users\lw520\documents\oculus dev\tutorial06\debug\tutorial06_vs.cso
c:\users\lw520\documents\oculus dev\tutorial06\debug\tutorial06.ilk
c:\users\lw520\documents\oculus dev\tutorial06\debug\tutorial06.exe
c:\users\lw520\documents\oculus dev\tutorial06\debug\tutorial06.pdb
c:\users\lw520\documents\oculus dev\tutorial06\debug\tutorial06.res
c:\users\lw520\documents\oculus dev\tutorial06\debug\tutorial06.cso
c:\users\lw520\documents\oculus dev\tutorial06\debug\tutorial06.tlog\cl.command.1.tlog
c:\users\lw520\documents\oculus dev\tutorial06\debug\tutorial06.tlog\cl.read.1.tlog
c:\users\lw520\documents\oculus dev\tutorial06\debug\tutorial06.tlog\cl.write.1.tlog
c:\users\lw520\documents\oculus dev\tutorial06\debug\tutorial06.tlog\fxc.command.1.tlog
c:\users\lw520\documents\oculus dev\tutorial06\debug\tutorial06.tlog\fxc.read.1.tlog
c:\users\lw520\documents\oculus dev\tutorial06\debug\tutorial06.tlog\fxc.write.1.tlog
c:\users\lw520\documents\oculus dev\tutorial06\debug\tutorial06.tlog\link.command.1.tlog
c:\users\lw520\documents\oculus dev\tutorial06\debug\tutorial06.tlog\link.read.1.tlog
c:\users\lw520\documents\oculus dev\tutorial06\debug\tutorial06.tlog\link.write.1.tlog
c:\users\lw520\documents\oculus dev\tutorial06\debug\tutorial06.tlog\rc.command.1.tlog
c:\users\lw520\documents\oculus dev\tutorial06\debug\tutorial06.tlog\rc.read.1.tlog
c:\users\lw520\documents\oculus dev\tutorial06\debug\tutorial06.tlog\rc.write.1.tlog
c:\users\lw520\documents\oculus dev\tutorial06\debug\tutorial06.tlog\tutorial06.write.1u.tlog
